<?xml version='1.0' encoding='UTF-8'?>
<testsuite hostname="DESKTOP-E2JVOS6" name="datapath.toptest" tests="1" errors="0" failures="1" skipped="0" time="3.095" timestamp="2022-10-28T17:58:14">
          <properties>
[...]
</properties>
          <testcase classname="datapath.toptest" name="top  Test" time="3.095">
                      <failure message="
firrtl.passes.CheckInitialization$RefNotInitializedException:  @[top.scala 30:22] : [module Top]  Reference Mem_wb is not fully initialized.
   : Mem_wb.io.rs2Sel_in &lt;= VOID
firrtl.passes.CheckInitialization$RefNotInitializedException:  @[top.scala 30:22] : [module Top]  Reference Mem_wb is not fully initialized.
   : Mem_wb.io.memToReg_in &lt;= VOID
firrtl.passes.CheckInitialization$RefNotInitializedException:  @[top.scala 30:22] : [module Top]  Reference Mem_wb is not fully initialized.
   : Mem_wb.io.dataOut_in &lt;= VOID
firrtl.passes.CheckInitialization$RefNotInitializedException:  @[top.scala 29:19] : [module Top]  Reference EX is not fully initialized.
   : EX.io.rs2Sel_in &lt;= VOID
firrtl.passes.CheckInitialization$RefNotInitializedException:  @[top.scala 24:24] : [module Top]  Reference alu_cnt is not fully initialized.
   : alu_cnt.io.alu_op &lt;= VOID
firrtl.passes.CheckInitialization$RefNotInitializedException:  @[top.scala 21:24] : [module Top]  Reference branch is not fully initialized.
   : branch.io.arg_y &lt;= VOID
firrtl.passes.CheckInitialization$RefNotInitializedException:  @[top.scala 16:24] : [module Top]  Reference data_mem is not fully initialized.
   : data_mem.io.Addr &lt;= VOID
firrtl.passes.CheckInitialization$RefNotInitializedException:  @[top.scala 28:19] : [module Top]  Reference ID is not fully initialized.
   : ID.io.strData_in &lt;= VOID
firrtl.passes.CheckInitialization$RefNotInitializedException:  @[top.scala 20:20] : [module Top]  Reference alu is not fully initialized.
   : alu.io.in2 &lt;= VOID
firrtl.passes.CheckInitialization$RefNotInitializedException:  @[top.scala 23:22] : [module Top]  Reference Jalr is not fully initialized.
   : Jalr.io.addr &lt;= VOID
firrtl.passes.CheckInitialization$RefNotInitializedException:  @[top.scala 28:19] : [module Top]  Reference ID is not fully initialized.
   : ID.io.operandBsel_in &lt;= VOID
firrtl.passes.CheckInitialization$RefNotInitializedException:  @[top.scala 29:19] : [module Top]  Reference EX is not fully initialized.
   : EX.io.aluOutput_in &lt;= VOID
firrtl.passes.CheckInitialization$RefNotInitializedException:  : [module Top]  Reference io is not fully initialized.
   : io.addr &lt;= VOID
firrtl.passes.CheckInitialization$RefNotInitializedException:  @[top.scala 18:24] : [module Top]  Reference reg_file is not fully initialized.
   : reg_file.io.write &lt;= VOID
firrtl.passes.CheckInitialization$RefNotInitializedException:  @[top.scala 28:19] : [module Top]  Reference ID is not fully initialized.
   : ID.io.hazard_in &lt;= VOID
firrtl.passes.CheckInitialization$RefNotInitializedException:  @[top.scala 29:19] : [module Top]  Reference EX is not fully initialized.
   : EX.io.baseReg_in &lt;= VOID
firrtl.passes.CheckInitialization$RefNotInitializedException:  @[top.scala 29:19] : [module Top]  Reference EX is not fully initialized.
   : EX.io.memRead_in &lt;= VOID
firrtl.passes.CheckInitialization$RefNotInitializedException:  @[top.scala 21:24] : [module Top]  Reference branch is not fully initialized.
   : branch.io.alu_opp &lt;= VOID
firrtl.passes.CheckInitialization$RefNotInitializedException:  @[top.scala 23:22] : [module Top]  Reference Jalr is not fully initialized.
   : Jalr.io.pc_addr &lt;= VOID
firrtl.passes.CheckInitialization$RefNotInitializedException:  @[top.scala 30:22] : [module Top]  Reference Mem_wb is not fully initialized.
   : Mem_wb.io.aluOutput_in &lt;= VOID
firrtl.passes.CheckInitialization$RefNotInitializedException:  @[top.scala 30:22] : [module Top]  Reference Mem_wb is not fully initialized.
   : Mem_wb.io.MemRead_in &lt;= VOID
firrtl.passes.CheckInitialization$RefNotInitializedException:  @[top.scala 29:19] : [module Top]  Reference EX is not fully initialized.
   : EX.io.memWrite_in &lt;= VOID
firrtl.passes.CheckInitialization$RefNotInitializedException:  @[top.scala 29:19] : [module Top]  Reference EX is not fully initialized.
   : EX.io.rd_in &lt;= VOID
firrtl.passes.CheckInitialization$RefNotInitializedException:  @[top.scala 16:24] : [module Top]  Reference data_mem is not fully initialized.
   : data_mem.io.MemRead &lt;= VOID
firrtl.passes.CheckInitialization$RefNotInitializedException:  @[top.scala 16:24] : [module Top]  Reference data_mem is not fully initialized.
   : data_mem.io.Data &lt;= VOID
firrtl.passes.CheckInitialization$RefNotInitializedException:  @[top.scala 18:24] : [module Top]  Reference reg_file is not fully initialized.
   : reg_file.io.rd &lt;= VOID
firrtl.passes.CheckInitialization$RefNotInitializedException:  @[top.scala 21:24] : [module Top]  Reference branch is not fully initialized.
   : branch.io.arg_x &lt;= VOID
firrtl.passes.CheckInitialization$RefNotInitializedException:  @[top.scala 30:22] : [module Top]  Reference Mem_wb is not fully initialized.
   : Mem_wb.io.baseReg_in &lt;= VOID
firrtl.passes.CheckInitialization$RefNotInitializedException:  @[top.scala 29:19] : [module Top]  Reference EX is not fully initialized.
   : EX.io.regWrite_in &lt;= VOID
firrtl.passes.CheckInitialization$RefNotInitializedException:  @[top.scala 28:19] : [module Top]  Reference ID is not fully initialized.
   : ID.io.operandAsel_in &lt;= VOID
firrtl.passes.CheckInitialization$RefNotInitializedException:  @[top.scala 30:22] : [module Top]  Reference Mem_wb is not fully initialized.
   : Mem_wb.io.memWrite_in &lt;= VOID
firrtl.passes.CheckInitialization$RefNotInitializedException:  @[top.scala 20:20] : [module Top]  Reference alu is not fully initialized.
   : alu.io.in1 &lt;= VOID
firrtl.passes.CheckInitialization$RefNotInitializedException:  @[top.scala 30:22] : [module Top]  Reference Mem_wb is not fully initialized.
   : Mem_wb.io.regWrite_in &lt;= VOID
firrtl.passes.CheckInitialization$RefNotInitializedException:  @[top.scala 16:24] : [module Top]  Reference data_mem is not fully initialized.
   : data_mem.io.MemWrite &lt;= VOID
firrtl.passes.CheckInitialization$RefNotInitializedException:  @[top.scala 29:19] : [module Top]  Reference EX is not fully initialized.
   : EX.io.strData_in &lt;= VOID
firrtl.passes.CheckInitialization$RefNotInitializedException:  @[top.scala 28:19] : [module Top]  Reference ID is not fully initialized.
   : ID.io.memToReg_in &lt;= VOID
firrtl.passes.CheckInitialization$RefNotInitializedException:  @[top.scala 29:19] : [module Top]  Reference EX is not fully initialized.
   : EX.io.offSet_in &lt;= VOID
firrtl.passes.CheckInitialization$RefNotInitializedException:  @[top.scala 30:22] : [module Top]  Reference Mem_wb is not fully initialized.
   : Mem_wb.io.offSet_in &lt;= VOID
firrtl.passes.CheckInitialization$RefNotInitializedException:  @[top.scala 30:22] : [module Top]  Reference Mem_wb is not fully initialized.
   : Mem_wb.io.rd_in &lt;= VOID
firrtl.passes.CheckInitialization$RefNotInitializedException:  @[top.scala 29:19] : [module Top]  Reference EX is not fully initialized.
   : EX.io.memToReg_in &lt;= VOID
firrtl.passes.CheckInitialization$RefNotInitializedException:  @[top.scala 20:20] : [module Top]  Reference alu is not fully initialized.
   : alu.io.alu_Op &lt;= VOID
firrtl.passes.CheckInitialization$RefNotInitializedException:  @[top.scala 28:19] : [module Top]  Reference ID is not fully initialized.
   : ID.io.aluCtrl_in &lt;= VOID
firrtl.passes.PassException: 42 errors detected!" type="firrtl.passes.PassExceptions">firrtl.passes.PassExceptions: 
firrtl.passes.CheckInitialization$RefNotInitializedException:  @[top.scala 30:22] : [module Top]  Reference Mem_wb is not fully initialized.
   : Mem_wb.io.rs2Sel_in &lt;= VOID
firrtl.passes.CheckInitialization$RefNotInitializedException:  @[top.scala 30:22] : [module Top]  Reference Mem_wb is not fully initialized.
   : Mem_wb.io.memToReg_in &lt;= VOID
firrtl.passes.CheckInitialization$RefNotInitializedException:  @[top.scala 30:22] : [module Top]  Reference Mem_wb is not fully initialized.
   : Mem_wb.io.dataOut_in &lt;= VOID
firrtl.passes.CheckInitialization$RefNotInitializedException:  @[top.scala 29:19] : [module Top]  Reference EX is not fully initialized.
   : EX.io.rs2Sel_in &lt;= VOID
firrtl.passes.CheckInitialization$RefNotInitializedException:  @[top.scala 24:24] : [module Top]  Reference alu_cnt is not fully initialized.
   : alu_cnt.io.alu_op &lt;= VOID
firrtl.passes.CheckInitialization$RefNotInitializedException:  @[top.scala 21:24] : [module Top]  Reference branch is not fully initialized.
   : branch.io.arg_y &lt;= VOID
firrtl.passes.CheckInitialization$RefNotInitializedException:  @[top.scala 16:24] : [module Top]  Reference data_mem is not fully initialized.
   : data_mem.io.Addr &lt;= VOID
firrtl.passes.CheckInitialization$RefNotInitializedException:  @[top.scala 28:19] : [module Top]  Reference ID is not fully initialized.
   : ID.io.strData_in &lt;= VOID
firrtl.passes.CheckInitialization$RefNotInitializedException:  @[top.scala 20:20] : [module Top]  Reference alu is not fully initialized.
   : alu.io.in2 &lt;= VOID
firrtl.passes.CheckInitialization$RefNotInitializedException:  @[top.scala 23:22] : [module Top]  Reference Jalr is not fully initialized.
   : Jalr.io.addr &lt;= VOID
firrtl.passes.CheckInitialization$RefNotInitializedException:  @[top.scala 28:19] : [module Top]  Reference ID is not fully initialized.
   : ID.io.operandBsel_in &lt;= VOID
firrtl.passes.CheckInitialization$RefNotInitializedException:  @[top.scala 29:19] : [module Top]  Reference EX is not fully initialized.
   : EX.io.aluOutput_in &lt;= VOID
firrtl.passes.CheckInitialization$RefNotInitializedException:  : [module Top]  Reference io is not fully initialized.
   : io.addr &lt;= VOID
firrtl.passes.CheckInitialization$RefNotInitializedException:  @[top.scala 18:24] : [module Top]  Reference reg_file is not fully initialized.
   : reg_file.io.write &lt;= VOID
firrtl.passes.CheckInitialization$RefNotInitializedException:  @[top.scala 28:19] : [module Top]  Reference ID is not fully initialized.
   : ID.io.hazard_in &lt;= VOID
firrtl.passes.CheckInitialization$RefNotInitializedException:  @[top.scala 29:19] : [module Top]  Reference EX is not fully initialized.
   : EX.io.baseReg_in &lt;= VOID
firrtl.passes.CheckInitialization$RefNotInitializedException:  @[top.scala 29:19] : [module Top]  Reference EX is not fully initialized.
   : EX.io.memRead_in &lt;= VOID
firrtl.passes.CheckInitialization$RefNotInitializedException:  @[top.scala 21:24] : [module Top]  Reference branch is not fully initialized.
   : branch.io.alu_opp &lt;= VOID
firrtl.passes.CheckInitialization$RefNotInitializedException:  @[top.scala 23:22] : [module Top]  Reference Jalr is not fully initialized.
   : Jalr.io.pc_addr &lt;= VOID
firrtl.passes.CheckInitialization$RefNotInitializedException:  @[top.scala 30:22] : [module Top]  Reference Mem_wb is not fully initialized.
   : Mem_wb.io.aluOutput_in &lt;= VOID
firrtl.passes.CheckInitialization$RefNotInitializedException:  @[top.scala 30:22] : [module Top]  Reference Mem_wb is not fully initialized.
   : Mem_wb.io.MemRead_in &lt;= VOID
firrtl.passes.CheckInitialization$RefNotInitializedException:  @[top.scala 29:19] : [module Top]  Reference EX is not fully initialized.
   : EX.io.memWrite_in &lt;= VOID
firrtl.passes.CheckInitialization$RefNotInitializedException:  @[top.scala 29:19] : [module Top]  Reference EX is not fully initialized.
   : EX.io.rd_in &lt;= VOID
firrtl.passes.CheckInitialization$RefNotInitializedException:  @[top.scala 16:24] : [module Top]  Reference data_mem is not fully initialized.
   : data_mem.io.MemRead &lt;= VOID
firrtl.passes.CheckInitialization$RefNotInitializedException:  @[top.scala 16:24] : [module Top]  Reference data_mem is not fully initialized.
   : data_mem.io.Data &lt;= VOID
firrtl.passes.CheckInitialization$RefNotInitializedException:  @[top.scala 18:24] : [module Top]  Reference reg_file is not fully initialized.
   : reg_file.io.rd &lt;= VOID
firrtl.passes.CheckInitialization$RefNotInitializedException:  @[top.scala 21:24] : [module Top]  Reference branch is not fully initialized.
   : branch.io.arg_x &lt;= VOID
firrtl.passes.CheckInitialization$RefNotInitializedException:  @[top.scala 30:22] : [module Top]  Reference Mem_wb is not fully initialized.
   : Mem_wb.io.baseReg_in &lt;= VOID
firrtl.passes.CheckInitialization$RefNotInitializedException:  @[top.scala 29:19] : [module Top]  Reference EX is not fully initialized.
   : EX.io.regWrite_in &lt;= VOID
firrtl.passes.CheckInitialization$RefNotInitializedException:  @[top.scala 28:19] : [module Top]  Reference ID is not fully initialized.
   : ID.io.operandAsel_in &lt;= VOID
firrtl.passes.CheckInitialization$RefNotInitializedException:  @[top.scala 30:22] : [module Top]  Reference Mem_wb is not fully initialized.
   : Mem_wb.io.memWrite_in &lt;= VOID
firrtl.passes.CheckInitialization$RefNotInitializedException:  @[top.scala 20:20] : [module Top]  Reference alu is not fully initialized.
   : alu.io.in1 &lt;= VOID
firrtl.passes.CheckInitialization$RefNotInitializedException:  @[top.scala 30:22] : [module Top]  Reference Mem_wb is not fully initialized.
   : Mem_wb.io.regWrite_in &lt;= VOID
firrtl.passes.CheckInitialization$RefNotInitializedException:  @[top.scala 16:24] : [module Top]  Reference data_mem is not fully initialized.
   : data_mem.io.MemWrite &lt;= VOID
firrtl.passes.CheckInitialization$RefNotInitializedException:  @[top.scala 29:19] : [module Top]  Reference EX is not fully initialized.
   : EX.io.strData_in &lt;= VOID
firrtl.passes.CheckInitialization$RefNotInitializedException:  @[top.scala 28:19] : [module Top]  Reference ID is not fully initialized.
   : ID.io.memToReg_in &lt;= VOID
firrtl.passes.CheckInitialization$RefNotInitializedException:  @[top.scala 29:19] : [module Top]  Reference EX is not fully initialized.
   : EX.io.offSet_in &lt;= VOID
firrtl.passes.CheckInitialization$RefNotInitializedException:  @[top.scala 30:22] : [module Top]  Reference Mem_wb is not fully initialized.
   : Mem_wb.io.offSet_in &lt;= VOID
firrtl.passes.CheckInitialization$RefNotInitializedException:  @[top.scala 30:22] : [module Top]  Reference Mem_wb is not fully initialized.
   : Mem_wb.io.rd_in &lt;= VOID
firrtl.passes.CheckInitialization$RefNotInitializedException:  @[top.scala 29:19] : [module Top]  Reference EX is not fully initialized.
   : EX.io.memToReg_in &lt;= VOID
firrtl.passes.CheckInitialization$RefNotInitializedException:  @[top.scala 20:20] : [module Top]  Reference alu is not fully initialized.
   : alu.io.alu_Op &lt;= VOID
firrtl.passes.CheckInitialization$RefNotInitializedException:  @[top.scala 28:19] : [module Top]  Reference ID is not fully initialized.
   : ID.io.aluCtrl_in &lt;= VOID
firrtl.passes.PassException: 42 errors detected!
</failure>
                    </testcase>
          <system-out><![CDATA[]]></system-out>
          <system-err><![CDATA[]]></system-err>
        </testsuite>